#
# A fatal error has been detected by the Java Runtime Environment:
#
#  SIGSEGV (0xb) at pc=0x00000001250c677d, pid=2222, tid=8207
#
# JRE version: Java(TM) SE Runtime Environment (8.0_31-b13) (build 1.8.0_31-b13)
# Java VM: Java HotSpot(TM) 64-Bit Server VM (25.31-b07 mixed mode bsd-amd64 compressed oops)
# Problematic frame:
# C  [AppleScript+0x2577d]  TTermEntry::MatchingCodes(TTermEntry&)+0x89
#
# Failed to write core dump. Core dumps have been disabled. To enable core dumping, try "ulimit -c unlimited" before starting Java again
#
# If you would like to submit a bug report, please visit:
#   http://bugreport.java.com/bugreport/crash.jsp
# The crash happened outside the Java Virtual Machine in native code.
# See problematic frame for where to report the bug.
#

---------------  T H R E A D  ---------------

Current thread (0x00007fce1d96b000):  JavaThread "AppKit Thread" daemon [_thread_in_native, id=8207, stack(0x00007fff5d685000,0x00007fff5de85000)]

siginfo: si_signo: 11 (SIGSEGV), si_code: 1 (SEGV_MAPERR), si_addr: 0x00007fce22800000

Registers:
RAX=0x000000004b72746e, RBX=0x00007fce227ffffe, RCX=0x00007fce227ffffe, RDX=0x0000000000000002
RSP=0x00007fff5de7dd20, RBP=0x00007fff5de7dd40, RSI=0x00007fff5de7dd58, RDI=0x00007fff5de7e4d8
R8 =0x0000000000000065, R9 =0x0000000101d98a00, R10=0x0000000000000000, R11=0x0000000000000002
R12=0x0000000000003135, R13=0x0000000000002791, R14=0x00007fff5de7e4d8, R15=0x00007fff5de7e4d8
RIP=0x00000001250c677d, EFLAGS=0x0000000000010202, ERR=0x0000000000000004
  TRAPNO=0x000000000000000e

Top of Stack: (sp=0x00007fff5de7dd20)
0x00007fff5de7dd20:   0000000000000000 00007fff5de7dd58
0x00007fff5de7dd30:   00007fff5de7dfe0 00007fff5de7e4d8
0x00007fff5de7dd40:   00007fff5de7dfd0 00000001250c4bd9
0x00007fff5de7dd50:   0000000000000000 0000000100000001
0x00007fff5de7dd60:   0000000000075bfe 00007fce1d96eac8
0x00007fff5de7dd70:   6576617304010101 74726d6f7274756f
0x00007fff5de7dd80:   0000000000736569 0000000000000004
0x00007fff5de7dd90:   0000000000000000 00000001250cffff
0x00007fff5de7dda0:   00007fff5de7ddc0 0000000000000000
0x00007fff5de7ddb0:   0000000000000000 0000000000000020
0x00007fff5de7ddc0:   0000000101d95000 0000000000000020
0x00007fff5de7ddd0:   00007fff5de7de00 00007fff8f787667
0x00007fff5de7dde0:   0000000000000020 00007fff75c86ed0
0x00007fff5de7ddf0:   00007fff75c8d560 00007fff8f787757
0x00007fff5de7de00:   00007fff5de7de60 00007fff8ff6ff15
0x00007fff5de7de10:   75c3fc0101e7de60 00007fff75c86ed0
0x00007fff5de7de20:   00007fff75c86ed0 0000000000000007
0x00007fff5de7de30:   0000000000000000 00007fff5de7e601
0x00007fff5de7de40:   00007fff75c86ed0 00007fff75c86e01
0x00007fff5de7de50:   000000000000000d 0000000000000000
0x00007fff5de7de60:   0000000000001006 00007fff8ff72476
0x00007fff5de7de70:   736176656520646c 00000000636f7265
0x00007fff5de7de80:   00000000429bf104 0000000101d95000
0x00007fff5de7de90:   0000000000000000 00007fff75c86e00
0x00007fff5de7dea0:   ff80000000001006 000000000800ffff
0x00007fff5de7deb0:   00007fff5de7e600 0000000000000000
0x00007fff5de7dec0:   0000000000000000 0000000000000020
0x00007fff5de7ded0:   0000000101d95000 0000000000000020
0x00007fff5de7dee0:   00007fff5de7df10 00007fff8f787667
0x00007fff5de7def0:   0000000000000020 00007fff75c86ed0
0x00007fff5de7df00:   00007fff75c8d560 0000000000000007
0x00007fff5de7df10:   00007fff5de7df70 00007fff8ff6ff15 

Instructions: (pc=0x00000001250c677d)
0x00000001250c675d:   01 00 00 80 7b 18 00 74 10 48 8b 4b 10 48 8b 09
0x00000001250c676d:   48 03 4b 08 48 89 cb eb 07 48 81 c3 1c 01 00 00
0x00000001250c677d:   3b 03 0f 94 c0 eb 02 31 c0 0f b6 c0 48 83 c4 08
0x00000001250c678d:   5b 41 5e 41 5f 5d c3 89 ff ff ff b6 ff ff ff a2 

Register to memory mapping:

RAX=0x000000004b72746e is an unknown value
RBX=0x00007fce227ffffe is an unknown value
RCX=0x00007fce227ffffe is an unknown value
RDX=0x0000000000000002 is an unknown value
RSP=0x00007fff5de7dd20 is pointing into the stack for thread: 0x00007fce1d96b000
RBP=0x00007fff5de7dd40 is pointing into the stack for thread: 0x00007fce1d96b000
RSI=0x00007fff5de7dd58 is pointing into the stack for thread: 0x00007fce1d96b000
RDI=0x00007fff5de7e4d8 is pointing into the stack for thread: 0x00007fce1d96b000
R8 =0x0000000000000065 is an unknown value
R9 =0x0000000101d98a00 is an unknown value
R10=0x0000000000000000 is an unknown value
R11=0x0000000000000002 is an unknown value
R12=0x0000000000003135 is an unknown value
R13=0x0000000000002791 is an unknown value
R14=0x00007fff5de7e4d8 is pointing into the stack for thread: 0x00007fce1d96b000
R15=0x00007fff5de7e4d8 is pointing into the stack for thread: 0x00007fce1d96b000


Stack: [0x00007fff5d685000,0x00007fff5de85000],  sp=0x00007fff5de7dd20,  free space=8163k
Native frames: (J=compiled Java code, j=interpreted, Vv=VM code, C=native code)
C  [AppleScript+0x2577d]  TTermEntry::MatchingCodes(TTermEntry&)+0x89
C  [AppleScript+0x23bd9]  TTermEntry::FindSubTerm(TTermEntry&, TTermEntry*)+0xd9
C  [AppleScript+0x74826]  TTerminologyContext::FindParamTerm(TTermEntry&, TTermEntry*)+0x8a
C  [AppleScript+0x1dff8]  TASLexer::CheckIdentifier(unsigned char const*, TUASScript*&, TUASScript*&, TUASScript*&)+0x35e
C  [AppleScript+0x1e422]  TASLexer::NextToken(TUASScript*&, TASTextRange&)+0x298
C  [AppleScript+0x1ff34]  TASParser::Parse(TTerminology*, TUASValue*, char const*, unsigned long)+0x2ea
C  [AppleScript+0x76e0]  ASCompile(AEDesc const*, int, unsigned int*)+0x1c3
C  [AppleScript+0x1aad]  AppleScriptComponent+0x2e1
C  [AppleScript+0x1cf83]  AGenericCall::Delegate(ComponentInstanceRecord*)+0x25
C  [AppleScript+0x1cf3f]  AGenericManager::HandleOSACall(ComponentParameters*)+0x37
C  [AppleScript+0x1c564]  GenericComponent+0x6c
C  [OpenScripting+0x10fd3]  OSACompile+0x39
C  [StandardAdditions+0x1747b]  AEVTsysodsct+0x4e2
C  [StandardAdditions+0x171a5]  AEVTsysodsct+0x20c
C  [OpenScripting+0x14965]  EventHandlerThunk(AEDesc const*, AEDesc*, void*)+0x6c
C  [AE+0xa43c]  aeDispatchAppleEvent(AEDesc const*, AEDesc*, unsigned int, unsigned char*)+0x213
C  [AE+0x108a9]  AESendMessage+0xc17
C  [AE+0x1b182]  aeSend+0x203
C  [AppleScript+0x1d618]  AEDefaultSendProc(AEDesc const*, AEDesc*, int, short, int, unsigned char (*)(EventRecord*, int*, OpaqueRgnHandle**), unsigned char (*)(EventRecord*, int, int, AEDesc const*), void*)+0x4e
C  [AppleScript+0x21b9b]  ComponentSend(AEDesc const*, AEDesc*, int, int)+0x1b9
C  [AppleScript+0x3439c]  TUASApplication::Send(TStackFrame_UASRemoteSend*, AEDesc*, AEDesc*, unsigned char, unsigned char, unsigned char)+0x6e8
C  [AppleScript+0x56655]  UASRemoteSend(unsigned char, unsigned char, unsigned char, unsigned char, unsigned char, unsigned char*)+0x246
C  [AppleScript+0x2d42b]  UASActor_Send(unsigned char, unsigned char, unsigned char)+0x169
C  [AppleScript+0x6256f]  UASValue_Send(unsigned char, unsigned char, TUASClassIndex, unsigned char)+0x152
C  [AppleScript+0x38c7c]  UASExecute1()+0x175
C  [AppleScript+0x9f2a]  ASExecuteEvent(AEDesc const*, unsigned int, int, unsigned int*)+0x2a8
C  [AppleScript+0x1aad]  AppleScriptComponent+0x2e1
C  [AppleScript+0x1cf83]  AGenericCall::Delegate(ComponentInstanceRecord*)+0x25
C  [AppleScript+0x1cf3f]  AGenericManager::HandleOSACall(ComponentParameters*)+0x37
C  [AppleScript+0x1c564]  GenericComponent+0x6c
C  [OpenScripting+0x113f5]  OSAExecuteEvent+0x3f
C  [Foundation+0x10f17a]  -[NSAppleScript(NSPrivate) _executeAppleEvent:withMode:error:]+0x95
C  [libAppleScriptEngine.dylib+0x3423]  -[AppleScriptExecutionContext invoke]+0x9b
C  [Foundation+0x92dd0]  __NSThreadPerformPerform+0x125
C  [CoreFoundation+0x80a01]  __CFRUNLOOP_IS_CALLING_OUT_TO_A_SOURCE0_PERFORM_FUNCTION__+0x11
C  [CoreFoundation+0x72b8d]  __CFRunLoopDoSources0+0x10d
C  [CoreFoundation+0x721bf]  __CFRunLoopRun+0x39f
C  [CoreFoundation+0x71bd8]  CFRunLoopRunSpecific+0x128
C  [HIToolbox+0x3256f]  RunCurrentEventLoopInMode+0xeb
C  [HIToolbox+0x322ea]  ReceiveNextEventCommon+0x1af
C  [HIToolbox+0x3212b]  _BlockUntilNextEventMatchingListInModeWithFilter+0x47
C  [AppKit+0x918ab]  _DPSNextEvent+0x3d2
C  [AppKit+0x90e58]  -[NSApplication nextEventMatchingMask:untilDate:inMode:dequeue:]+0x15a
C  [libosxapp.dylib+0x242a]  -[NSApplicationAWT nextEventMatchingMask:untilDate:inMode:dequeue:]+0x7c
C  [AppKit+0x86af3]  -[NSApplication run]+0x252
C  [libosxapp.dylib+0x223e]  +[NSApplicationAWT runAWTLoopWithApp:]+0x9c
C  [libawt_lwawt.dylib+0x4494f]  -[AWTStarter starter:]+0x389
C  [Foundation+0x92dd0]  __NSThreadPerformPerform+0x125
C  [CoreFoundation+0x80a01]  __CFRUNLOOP_IS_CALLING_OUT_TO_A_SOURCE0_PERFORM_FUNCTION__+0x11
C  [CoreFoundation+0x72b8d]  __CFRunLoopDoSources0+0x10d
C  [CoreFoundation+0x721bf]  __CFRunLoopRun+0x39f
C  [CoreFoundation+0x71bd8]  CFRunLoopRunSpecific+0x128
C  [java+0x56cc]  CreateExecutionEnvironment+0x367
C  [java+0x165c]  JLI_Launch+0x7a0
C  [java+0x768a]  main+0x65
C  [java+0xeb4]  start+0x34
C  0x000000000000000a


---------------  P R O C E S S  ---------------

Java Threads: ( => current thread )
  0x00007fce21990800 JavaThread "AWT-Shutdown" [_thread_blocked, id=26003, stack(0x0000000123081000,0x0000000123181000)]
  0x00007fce22579000 JavaThread "nREPL-worker-39" daemon [_thread_in_native, id=35675, stack(0x0000000122e7b000,0x0000000122f7b000)]
  0x00007fce1f884000 JavaThread "clojure-agent-send-off-pool-22" [_thread_blocked, id=23359, stack(0x0000000122875000,0x0000000122975000)]
=>0x00007fce1d96b000 JavaThread "AppKit Thread" daemon [_thread_in_native, id=8207, stack(0x00007fff5d685000,0x00007fff5de85000)]
  0x00007fce1f882000 JavaThread "clojure-agent-send-off-pool-7" [_thread_blocked, id=25347, stack(0x0000000123b7b000,0x0000000123c7b000)]
  0x00007fce1f250800 JavaThread "clojure-agent-send-off-pool-6" [_thread_blocked, id=24835, stack(0x0000000123355000,0x0000000123455000)]
  0x00007fce2214e800 JavaThread "clojure-agent-send-off-pool-5" [_thread_blocked, id=24323, stack(0x0000000122f7e000,0x000000012307e000)]
  0x00007fce2214e000 JavaThread "clojure-agent-send-off-pool-4" [_thread_blocked, id=23811, stack(0x0000000121e6e000,0x0000000121f6e000)]
  0x00007fce1cf21800 JavaThread "clojure-agent-send-off-pool-2" [_thread_in_native, id=22787, stack(0x0000000122985000,0x0000000122a85000)]
  0x00007fce1d01c800 JavaThread "clojure-agent-send-off-pool-1" [_thread_in_native, id=22275, stack(0x0000000122b78000,0x0000000122c78000)]
  0x00007fce20122800 JavaThread "clojure-agent-send-off-pool-0" [_thread_blocked, id=21763, stack(0x0000000123ef7000,0x0000000123ff7000)]
  0x00007fce1c88f800 JavaThread "Service Thread" daemon [_thread_blocked, id=20739, stack(0x000000012190a000,0x0000000121a0a000)]
  0x00007fce1c88c800 JavaThread "C1 CompilerThread3" daemon [_thread_blocked, id=20227, stack(0x0000000121807000,0x0000000121907000)]
  0x00007fce1c87a800 JavaThread "C2 CompilerThread2" daemon [_thread_in_native, id=19715, stack(0x0000000121704000,0x0000000121804000)]
  0x00007fce1c87a000 JavaThread "C2 CompilerThread1" daemon [_thread_blocked, id=19203, stack(0x0000000121601000,0x0000000121701000)]
  0x00007fce1c884000 JavaThread "C2 CompilerThread0" daemon [_thread_in_native, id=18691, stack(0x00000001214fe000,0x00000001215fe000)]
  0x00007fce1e80b000 JavaThread "Signal Dispatcher" daemon [_thread_blocked, id=15627, stack(0x00000001213fb000,0x00000001214fb000)]
  0x00007fce1c867800 JavaThread "Finalizer" daemon [_thread_blocked, id=13571, stack(0x000000011f9f1000,0x000000011faf1000)]
  0x00007fce1c866800 JavaThread "Reference Handler" daemon [_thread_blocked, id=13059, stack(0x000000011f8ee000,0x000000011f9ee000)]
  0x00007fce1d004000 JavaThread "main" [_thread_blocked, id=3847, stack(0x0000000101e91000,0x0000000101f91000)]

Other Threads:
  0x00007fce1c864000 VMThread [stack: 0x000000011f7eb000,0x000000011f8eb000] [id=12547]
  0x00007fce1d803000 WatcherThread [stack: 0x0000000121a0d000,0x0000000121b0d000] [id=21251]

VM state:not at safepoint (normal execution)

VM Mutex/Monitor currently owned by a thread: None

Heap:
 PSYoungGen      total 1087488K, used 983705K [0x000000076ab00000, 0x00000007ba380000, 0x00000007c0000000)
  eden space 1086976K, 90% used [0x000000076ab00000,0x00000007a6b66400,0x00000007ad080000)
  from space 512K, 50% used [0x00000007ba300000,0x00000007ba340000,0x00000007ba380000)
  to   space 12288K, 0% used [0x00000007b8b80000,0x00000007b8b80000,0x00000007b9780000)
 ParOldGen       total 108544K, used 22051K [0x00000006c0000000, 0x00000006c6a00000, 0x000000076ab00000)
  object space 108544K, 20% used [0x00000006c0000000,0x00000006c1588fc0,0x00000006c6a00000)
 Metaspace       used 26232K, capacity 32781K, committed 32896K, reserved 1075200K
  class space    used 5873K, capacity 7801K, committed 7808K, reserved 1048576K

Card table byte_map: [0x00000001132df000,0x0000000113ae0000] byte_map_base: 0x000000010fcdf000

Marking Bits: (ParMarkBitMap*) 0x000000010389e410
 Begin Bits: [0x000000011484e000, 0x000000011884e000)
 End Bits:   [0x000000011884e000, 0x000000011c84e000)

Polling page: 0x0000000101fd5000

CodeCache: size=245760Kb used=14183Kb max_used=14183Kb free=231576Kb
 bounds [0x0000000103f1f000, 0x0000000104d0f000, 0x0000000112f1f000]
 total_blobs=3300 nmethods=2937 adapters=277
 compilation: enabled

Compilation events (10 events):
Event: 4527.265 Thread 0x00007fce1c88c800 4038       3       sun.nio.cs.StreamEncoder::ensureOpen (18 bytes)
Event: 4527.265 Thread 0x00007fce1c88c800 nmethod 4038 0x000000010475f390 code [0x000000010475f500, 0x000000010475f728]
Event: 4527.265 Thread 0x00007fce1c88c800 4039   !   3       sun.nio.cs.StreamEncoder::write (78 bytes)
Event: 4527.265 Thread 0x00007fce1c88c800 nmethod 4039 0x0000000104508250 code [0x0000000104508420, 0x0000000104508b28]
Event: 4527.265 Thread 0x00007fce1c88c800 4040       3       sun.nio.cs.StreamEncoder::implWrite (156 bytes)
Event: 4527.266 Thread 0x00007fce1c88c800 nmethod 4040 0x000000010437ff90 code [0x0000000104380200, 0x0000000104381068]
Event: 4527.266 Thread 0x00007fce1c88c800 4041       3       java.io.OutputStreamWriter::write (9 bytes)
Event: 4527.267 Thread 0x00007fce1c88c800 nmethod 4041 0x000000010437fa50 code [0x000000010437fbc0, 0x000000010437fe48]
Event: 4527.267 Thread 0x00007fce1c88c800 4042       3       sun.nio.cs.StreamEncoder::write (17 bytes)
Event: 4527.267 Thread 0x00007fce1c88c800 nmethod 4042 0x00000001047d0790 code [0x00000001047d0900, 0x00000001047d0b28]

GC Heap History (10 events):
Event: 1639.521 GC heap before
{Heap before GC invocations=13 (full 1):
 PSYoungGen      total 841216K, used 830720K [0x000000076ab00000, 0x00000007a5280000, 0x00000007c0000000)
  eden space 830464K, 100% used [0x000000076ab00000,0x000000079d600000,0x000000079d600000)
  from space 10752K, 2% used [0x000000079d600000,0x000000079d640000,0x000000079e080000)
  to   space 11264K, 0% used [0x00000007a4780000,0x00000007a4780000,0x00000007a5280000)
 ParOldGen       total 108544K, used 21955K [0x00000006c0000000, 0x00000006c6a00000, 0x000000076ab00000)
  object space 108544K, 20% used [0x00000006c0000000,0x00000006c1570fc0,0x00000006c6a00000)
 Metaspace       used 25063K, capacity 31231K, committed 31488K, reserved 1073152K
  class space    used 5723K, capacity 7599K, committed 7680K, reserved 1048576K
Event: 1639.522 GC heap after
Heap after GC invocations=13 (full 1):
 PSYoungGen      total 945664K, used 432K [0x000000076ab00000, 0x00000007acc80000, 0x00000007c0000000)
  eden space 934400K, 0% used [0x000000076ab00000,0x000000076ab00000,0x00000007a3b80000)
  from space 11264K, 3% used [0x00000007a4780000,0x00000007a47ec010,0x00000007a5280000)
  to   space 12288K, 0% used [0x00000007a3b80000,0x00000007a3b80000,0x00000007a4780000)
 ParOldGen       total 108544K, used 22019K [0x00000006c0000000, 0x00000006c6a00000, 0x000000076ab00000)
  object space 108544K, 20% used [0x00000006c0000000,0x00000006c1580fc0,0x00000006c6a00000)
 Metaspace       used 25063K, capacity 31231K, committed 31488K, reserved 1073152K
  class space    used 5723K, capacity 7599K, committed 7680K, reserved 1048576K
}
Event: 2057.304 GC heap before
{Heap before GC invocations=14 (full 1):
 PSYoungGen      total 945664K, used 934832K [0x000000076ab00000, 0x00000007acc80000, 0x00000007c0000000)
  eden space 934400K, 100% used [0x000000076ab00000,0x00000007a3b80000,0x00000007a3b80000)
  from space 11264K, 3% used [0x00000007a4780000,0x00000007a47ec010,0x00000007a5280000)
  to   space 12288K, 0% used [0x00000007a3b80000,0x00000007a3b80000,0x00000007a4780000)
 ParOldGen       total 108544K, used 22019K [0x00000006c0000000, 0x00000006c6a00000, 0x000000076ab00000)
  object space 108544K, 20% used [0x00000006c0000000,0x00000006c1580fc0,0x00000006c6a00000)
 Metaspace       used 25219K, capacity 31423K, committed 31488K, reserved 1073152K
  class space    used 5741K, capacity 7627K, committed 7680K, reserved 1048576K
Event: 2057.305 GC heap after
Heap after GC invocations=14 (full 1):
 PSYoungGen      total 946688K, used 432K [0x000000076ab00000, 0x00000007b2780000, 0x00000007c0000000)
  eden space 934400K, 0% used [0x000000076ab00000,0x000000076ab00000,0x00000007a3b80000)
  from space 12288K, 3% used [0x00000007a3b80000,0x00000007a3bec010,0x00000007a4780000)
  to   space 12288K, 0% used [0x00000007b1b80000,0x00000007b1b80000,0x00000007b2780000)
 ParOldGen       total 108544K, used 22027K [0x00000006c0000000, 0x00000006c6a00000, 0x000000076ab00000)
  object space 108544K, 20% used [0x00000006c0000000,0x00000006c1582fc0,0x00000006c6a00000)
 Metaspace       used 25219K, capacity 31423K, committed 31488K, reserved 1073152K
  class space    used 5741K, capacity 7627K, committed 7680K, reserved 1048576K
}
Event: 2432.341 GC heap before
{Heap before GC invocations=15 (full 1):
 PSYoungGen      total 946688K, used 934832K [0x000000076ab00000, 0x00000007b2780000, 0x00000007c0000000)
  eden space 934400K, 100% used [0x000000076ab00000,0x00000007a3b80000,0x00000007a3b80000)
  from space 12288K, 3% used [0x00000007a3b80000,0x00000007a3bec010,0x00000007a4780000)
  to   space 12288K, 0% used [0x00000007b1b80000,0x00000007b1b80000,0x00000007b2780000)
 ParOldGen       total 108544K, used 22027K [0x00000006c0000000, 0x00000006c6a00000, 0x000000076ab00000)
  object space 108544K, 20% used [0x00000006c0000000,0x00000006c1582fc0,0x00000006c6a00000)
 Metaspace       used 25326K, capacity 31591K, committed 31744K, reserved 1073152K
  class space    used 5753K, capacity 7647K, committed 7680K, reserved 1048576K
Event: 2432.342 GC heap after
Heap after GC invocations=15 (full 1):
 PSYoungGen      total 1115136K, used 328K [0x000000076ab00000, 0x00000007b1c00000, 0x00000007c0000000)
  eden space 1114624K, 0% used [0x000000076ab00000,0x000000076ab00000,0x00000007aeb80000)
  from space 512K, 64% used [0x00000007b1b80000,0x00000007b1bd2010,0x00000007b1c00000)
  to   space 12288K, 0% used [0x00000007b0400000,0x00000007b0400000,0x00000007b1000000)
 ParOldGen       total 108544K, used 22035K [0x00000006c0000000, 0x00000006c6a00000, 0x000000076ab00000)
  object space 108544K, 20% used [0x00000006c0000000,0x00000006c1584fc0,0x00000006c6a00000)
 Metaspace       used 25326K, capacity 31591K, committed 31744K, reserved 1073152K
  class space    used 5753K, capacity 7647K, committed 7680K, reserved 1048576K
}
Event: 3112.069 GC heap before
{Heap before GC invocations=16 (full 1):
 PSYoungGen      total 1115136K, used 1114952K [0x000000076ab00000, 0x00000007b1c00000, 0x00000007c0000000)
  eden space 1114624K, 100% used [0x000000076ab00000,0x00000007aeb80000,0x00000007aeb80000)
  from space 512K, 64% used [0x00000007b1b80000,0x00000007b1bd2010,0x00000007b1c00000)
  to   space 12288K, 0% used [0x00000007b0400000,0x00000007b0400000,0x00000007b1000000)
 ParOldGen       total 108544K, used 22035K [0x00000006c0000000, 0x00000006c6a00000, 0x000000076ab00000)
  object space 108544K, 20% used [0x00000006c0000000,0x00000006c1584fc0,0x00000006c6a00000)
 Metaspace       used 25640K, capacity 32087K, committed 32384K, reserved 1073152K
  class space    used 5795K, capacity 7706K, committed 7808K, reserved 1048576K
Event: 3112.072 GC heap after
Heap after GC invocations=16 (full 1):
 PSYoungGen      total 1152000K, used 256K [0x000000076ab00000, 0x00000007baf80000, 0x00000007c0000000)
  eden space 1139712K, 0% used [0x000000076ab00000,0x000000076ab00000,0x00000007b0400000)
  from space 12288K, 2% used [0x00000007b0400000,0x00000007b0440000,0x00000007b1000000)
  to   space 12800K, 0% used [0x00000007ba300000,0x00000007ba300000,0x00000007baf80000)
 ParOldGen       total 108544K, used 22043K [0x00000006c0000000, 0x00000006c6a00000, 0x000000076ab00000)
  object space 108544K, 20% used [0x00000006c0000000,0x00000006c1586fc0,0x00000006c6a00000)
 Metaspace       used 25640K, capacity 32087K, committed 32384K, reserved 1073152K
  class space    used 5795K, capacity 7706K, committed 7808K, reserved 1048576K
}
Event: 3952.295 GC heap before
{Heap before GC invocations=17 (full 1):
 PSYoungGen      total 1152000K, used 1139968K [0x000000076ab00000, 0x00000007baf80000, 0x00000007c0000000)
  eden space 1139712K, 100% used [0x000000076ab00000,0x00000007b0400000,0x00000007b0400000)
  from space 12288K, 2% used [0x00000007b0400000,0x00000007b0440000,0x00000007b1000000)
  to   space 12800K, 0% used [0x00000007ba300000,0x00000007ba300000,0x00000007baf80000)
 ParOldGen       total 108544K, used 22043K [0x00000006c0000000, 0x00000006c6a00000, 0x000000076ab00000)
  object space 108544K, 20% used [0x00000006c0000000,0x00000006c1586fc0,0x00000006c6a00000)
 Metaspace       used 25814K, capacity 32373K, committed 32640K, reserved 1075200K
  class space    used 5822K, capacity 7744K, committed 7808K, reserved 1048576K
Event: 3952.297 GC heap after
Heap after GC invocations=17 (full 1):
 PSYoungGen      total 1087488K, used 256K [0x000000076ab00000, 0x00000007ba380000, 0x00000007c0000000)
  eden space 1086976K, 0% used [0x000000076ab00000,0x000000076ab00000,0x00000007ad080000)
  from space 512K, 50% used [0x00000007ba300000,0x00000007ba340000,0x00000007ba380000)
  to   space 12288K, 0% used [0x00000007b8b80000,0x00000007b8b80000,0x00000007b9780000)
 ParOldGen       total 108544K, used 22051K [0x00000006c0000000, 0x00000006c6a00000, 0x000000076ab00000)
  object space 108544K, 20% used [0x00000006c0000000,0x00000006c1588fc0,0x00000006c6a00000)
 Metaspace       used 25814K, capacity 32373K, committed 32640K, reserved 1075200K
  class space    used 5822K, capacity 7744K, committed 7808K, reserved 1048576K
}

Deoptimization events (10 events):
Event: 2925.716 Thread 0x00007fce1f250800 Uncommon trap: reason=class_check action=maybe_recompile pc=0x00000001046ac7a8 method=clojure.lang.APersistentMap$ValSeq.first()Ljava/lang/Object; @ 4
Event: 2925.716 Thread 0x00007fce1f250800 Uncommon trap: reason=class_check action=maybe_recompile pc=0x0000000104b5a9a8 method=clojure.lang.APersistentMap$ValSeq.next()Lclojure/lang/ISeq; @ 4
Event: 2925.730 Thread 0x00007fce20cf8000 Uncommon trap: reason=class_check action=maybe_recompile pc=0x000000010492ee3c method=clojure.lang.Numbers$LongOps.combine(Lclojure/lang/Numbers$Ops;)Lclojure/lang/Numbers$Ops; @ 2
Event: 3031.580 Thread 0x00007fce1f250800 Uncommon trap: reason=class_check action=maybe_recompile pc=0x00000001046ac7a8 method=clojure.lang.APersistentMap$ValSeq.first()Ljava/lang/Object; @ 4
Event: 3031.580 Thread 0x00007fce1f250800 Uncommon trap: reason=class_check action=maybe_recompile pc=0x0000000104b5a9a8 method=clojure.lang.APersistentMap$ValSeq.next()Lclojure/lang/ISeq; @ 4
Event: 3502.698 Thread 0x00007fce1f250800 Uncommon trap: reason=class_check action=maybe_recompile pc=0x00000001046ac7a8 method=clojure.lang.APersistentMap$ValSeq.first()Ljava/lang/Object; @ 4
Event: 3502.699 Thread 0x00007fce1f250800 Uncommon trap: reason=class_check action=maybe_recompile pc=0x0000000104b5a9a8 method=clojure.lang.APersistentMap$ValSeq.next()Lclojure/lang/ISeq; @ 4
Event: 3613.006 Thread 0x00007fce1f250800 Uncommon trap: reason=class_check action=maybe_recompile pc=0x00000001046ac7a8 method=clojure.lang.APersistentMap$ValSeq.first()Ljava/lang/Object; @ 4
Event: 3613.007 Thread 0x00007fce1f250800 Uncommon trap: reason=class_check action=maybe_recompile pc=0x0000000104b5a9a8 method=clojure.lang.APersistentMap$ValSeq.next()Lclojure/lang/ISeq; @ 4
Event: 4527.227 Thread 0x00007fce22579000 Uncommon trap: reason=unreached action=reinterpret pc=0x00000001044256c4 method=clojure.core.protocols$fn__6086.invoke(Ljava/lang/Object;Ljava/lang/Object;Ljava/lang/Object;)Ljava/lang/Object; @ 221

Internal exceptions (10 events):
Event: 190.451 Thread 0x00007fce20c0f000 Exception <a 'java/security/PrivilegedActionException'> (0x000000078866ac60) thrown at [/Users/java_re/workspace/8-2-build-macosx-x86_64/jdk8u31/2394/hotspot/src/share/vm/prims/jvm.cpp, line 1312]
Event: 190.453 Thread 0x00007fce20c0f000 Exception <a 'java/security/PrivilegedActionException'> (0x00000007886806d8) thrown at [/Users/java_re/workspace/8-2-build-macosx-x86_64/jdk8u31/2394/hotspot/src/share/vm/prims/jvm.cpp, line 1312]
Event: 190.455 Thread 0x00007fce20c0f000 Exception <a 'java/security/PrivilegedActionException'> (0x00000007886b0aa0) thrown at [/Users/java_re/workspace/8-2-build-macosx-x86_64/jdk8u31/2394/hotspot/src/share/vm/prims/jvm.cpp, line 1312]
Event: 190.459 Thread 0x00007fce20c0f000 Exception <a 'java/security/PrivilegedActionException'> (0x0000000788754ca0) thrown at [/Users/java_re/workspace/8-2-build-macosx-x86_64/jdk8u31/2394/hotspot/src/share/vm/prims/jvm.cpp, line 1312]
Event: 190.462 Thread 0x00007fce20c0f000 Exception <a 'java/security/PrivilegedActionException'> (0x0000000788848f08) thrown at [/Users/java_re/workspace/8-2-build-macosx-x86_64/jdk8u31/2394/hotspot/src/share/vm/prims/jvm.cpp, line 1312]
Event: 190.517 Thread 0x00007fce20c0f000 Implicit null exception at 0x0000000104210f02 to 0x00000001042110cc
Event: 190.518 Thread 0x00007fce20c0f000 Exception <a 'java/security/PrivilegedActionException'> (0x00000007892cee88) thrown at [/Users/java_re/workspace/8-2-build-macosx-x86_64/jdk8u31/2394/hotspot/src/share/vm/prims/jvm.cpp, line 1312]
Event: 190.519 Thread 0x00007fce20c0f000 Exception <a 'java/security/PrivilegedActionException'> (0x00000007892e6b20) thrown at [/Users/java_re/workspace/8-2-build-macosx-x86_64/jdk8u31/2394/hotspot/src/share/vm/prims/jvm.cpp, line 1312]
Event: 190.520 Thread 0x00007fce20c0f000 Exception <a 'java/security/PrivilegedActionException'> (0x000000078932bef8) thrown at [/Users/java_re/workspace/8-2-build-macosx-x86_64/jdk8u31/2394/hotspot/src/share/vm/prims/jvm.cpp, line 1312]
Event: 190.521 Thread 0x00007fce20c0f000 Exception <a 'java/security/PrivilegedActionException'> (0x0000000789338710) thrown at [/Users/java_re/workspace/8-2-build-macosx-x86_64/jdk8u31/2394/hotspot/src/share/vm/prims/jvm.cpp, line 1312]

Events (10 events):
Event: 4527.249 loading class sun/nio/ch/FileDispatcher
Event: 4527.249 loading class sun/nio/ch/NativeDispatcher
Event: 4527.249 loading class sun/nio/ch/NativeDispatcher done
Event: 4527.249 loading class sun/nio/ch/FileDispatcher done
Event: 4527.249 loading class sun/nio/ch/FileDispatcherImpl done
Event: 4527.251 loading class java/io/FileWriter
Event: 4527.251 loading class java/io/FileWriter done
Event: 4527.254 Thread 0x00007fce21990800 Thread added: 0x00007fce21990800
Event: 4527.256 Thread 0x00007fce1c88c800 flushing nmethod 0x0000000104ad1510
Event: 4527.257 Thread 0x00007fce1c88c800 flushing nmethod 0x0000000104b11f90


Dynamic libraries:
0x0000000003d88000 	/System/Library/Frameworks/Cocoa.framework/Versions/A/Cocoa
0x0000000003d88000 	/System/Library/Frameworks/Security.framework/Versions/A/Security
0x0000000003d88000 	/System/Library/Frameworks/ApplicationServices.framework/Versions/A/ApplicationServices
0x0000000003d88000 	/usr/lib/libz.1.dylib
0x0000000003d88000 	/usr/lib/libSystem.B.dylib
0x0000000003d88000 	/usr/lib/libobjc.A.dylib
0x0000000003d88000 	/System/Library/Frameworks/CoreFoundation.framework/Versions/A/CoreFoundation
0x0000000003d88000 	/System/Library/Frameworks/Foundation.framework/Versions/C/Foundation
0x0000000003d88000 	/System/Library/Frameworks/AppKit.framework/Versions/C/AppKit
0x0000000003d88000 	/System/Library/Frameworks/CoreData.framework/Versions/A/CoreData
0x0000000003d88000 	/System/Library/PrivateFrameworks/RemoteViewServices.framework/Versions/A/RemoteViewServices
0x0000000003d88000 	/System/Library/PrivateFrameworks/UIFoundation.framework/Versions/A/UIFoundation
0x0000000003d88000 	/System/Library/Frameworks/IOSurface.framework/Versions/A/IOSurface
0x0000000003d88000 	/System/Library/Frameworks/AudioToolbox.framework/Versions/A/AudioToolbox
0x0000000003d88000 	/System/Library/Frameworks/AudioUnit.framework/Versions/A/AudioUnit
0x0000000003d88000 	/System/Library/PrivateFrameworks/DataDetectorsCore.framework/Versions/A/DataDetectorsCore
0x0000000003d88000 	/System/Library/PrivateFrameworks/DesktopServicesPriv.framework/Versions/A/DesktopServicesPriv
0x0000000003d88000 	/System/Library/Frameworks/Carbon.framework/Versions/A/Frameworks/HIToolbox.framework/Versions/A/HIToolbox
0x0000000003d88000 	/System/Library/Frameworks/QuartzCore.framework/Versions/A/QuartzCore
0x0000000003d88000 	/System/Library/Frameworks/Carbon.framework/Versions/A/Frameworks/SpeechRecognition.framework/Versions/A/SpeechRecognition
0x0000000003d88000 	/usr/lib/libauto.dylib
0x0000000003d88000 	/usr/lib/libicucore.A.dylib
0x0000000003d88000 	/usr/lib/libxml2.2.dylib
0x0000000003d88000 	/System/Library/PrivateFrameworks/CoreUI.framework/Versions/A/CoreUI
0x0000000003d88000 	/System/Library/Frameworks/CoreAudio.framework/Versions/A/CoreAudio
0x0000000003d88000 	/System/Library/Frameworks/DiskArbitration.framework/Versions/A/DiskArbitration
0x0000000003d88000 	/usr/lib/liblangid.dylib
0x0000000003d88000 	/System/Library/PrivateFrameworks/MultitouchSupport.framework/Versions/A/MultitouchSupport
0x0000000003d88000 	/System/Library/Frameworks/IOKit.framework/Versions/A/IOKit
0x0000000003d88000 	/usr/lib/libDiagnosticMessagesClient.dylib
0x0000000003d88000 	/System/Library/Frameworks/CoreServices.framework/Versions/A/CoreServices
0x0000000003d88000 	/System/Library/PrivateFrameworks/PerformanceAnalysis.framework/Versions/A/PerformanceAnalysis
0x0000000003d88000 	/System/Library/PrivateFrameworks/GenerationalStorage.framework/Versions/A/GenerationalStorage
0x0000000003d88000 	/System/Library/Frameworks/OpenGL.framework/Versions/A/OpenGL
0x0000000003d88000 	/System/Library/PrivateFrameworks/Sharing.framework/Versions/A/Sharing
0x0000000003d88000 	/System/Library/Frameworks/CoreGraphics.framework/Versions/A/CoreGraphics
0x0000000003d88000 	/System/Library/Frameworks/CoreText.framework/Versions/A/CoreText
0x0000000003d88000 	/System/Library/Frameworks/ImageIO.framework/Versions/A/ImageIO
0x0000000003d88000 	/usr/lib/libextension.dylib
0x0000000003d88000 	/System/Library/PrivateFrameworks/Backup.framework/Versions/A/Backup
0x0000000003d88000 	/usr/lib/libarchive.2.dylib
0x0000000003d88000 	/System/Library/Frameworks/CFNetwork.framework/Versions/A/CFNetwork
0x0000000003d88000 	/System/Library/Frameworks/SystemConfiguration.framework/Versions/A/SystemConfiguration
0x0000000003d88000 	/usr/lib/libCRFSuite.dylib
0x0000000003d88000 	/usr/lib/libc++.1.dylib
0x0000000003d88000 	/usr/lib/libc++abi.dylib
0x0000000003d88000 	/usr/lib/system/libcache.dylib
0x0000000003d88000 	/usr/lib/system/libcommonCrypto.dylib
0x0000000003d88000 	/usr/lib/system/libcompiler_rt.dylib
0x0000000003d88000 	/usr/lib/system/libcopyfile.dylib
0x0000000003d88000 	/usr/lib/system/libcorecrypto.dylib
0x0000000003d88000 	/usr/lib/system/libdispatch.dylib
0x0000000003d88000 	/usr/lib/system/libdyld.dylib
0x0000000003d88000 	/usr/lib/system/libkeymgr.dylib
0x0000000003d88000 	/usr/lib/system/liblaunch.dylib
0x0000000003d88000 	/usr/lib/system/libmacho.dylib
0x0000000003d88000 	/usr/lib/system/libquarantine.dylib
0x0000000003d88000 	/usr/lib/system/libremovefile.dylib
0x0000000003d88000 	/usr/lib/system/libsystem_asl.dylib
0x0000000003d88000 	/usr/lib/system/libsystem_blocks.dylib
0x0000000003d88000 	/usr/lib/system/libsystem_c.dylib
0x0000000003d88000 	/usr/lib/system/libsystem_configuration.dylib
0x0000000003d88000 	/usr/lib/system/libsystem_coreservices.dylib
0x0000000003d88000 	/usr/lib/system/libsystem_coretls.dylib
0x0000000003d88000 	/usr/lib/system/libsystem_dnssd.dylib
0x0000000003d88000 	/usr/lib/system/libsystem_info.dylib
0x0000000003d88000 	/usr/lib/system/libsystem_kernel.dylib
0x0000000003d88000 	/usr/lib/system/libsystem_m.dylib
0x0000000003d88000 	/usr/lib/system/libsystem_malloc.dylib
0x0000000003d88000 	/usr/lib/system/libsystem_network.dylib
0x0000000003d88000 	/usr/lib/system/libsystem_networkextension.dylib
0x0000000003d88000 	/usr/lib/system/libsystem_notify.dylib
0x0000000003d88000 	/usr/lib/system/libsystem_platform.dylib
0x0000000003d88000 	/usr/lib/system/libsystem_pthread.dylib
0x0000000003d88000 	/usr/lib/system/libsystem_sandbox.dylib
0x0000000003d88000 	/usr/lib/system/libsystem_secinit.dylib
0x0000000003d88000 	/usr/lib/system/libsystem_stats.dylib
0x0000000003d88000 	/usr/lib/system/libsystem_trace.dylib
0x0000000003d88000 	/usr/lib/system/libunc.dylib
0x0000000003d88000 	/usr/lib/system/libunwind.dylib
0x0000000003d88000 	/usr/lib/system/libxpc.dylib
0x0000000003d88000 	/usr/lib/libbz2.1.0.dylib
0x0000000003d88000 	/usr/lib/liblzma.5.dylib
0x0000000003d88000 	/usr/lib/libbsm.0.dylib
0x0000000003d88000 	/usr/lib/libsqlite3.dylib
0x0000000003d88000 	/usr/lib/system/libkxld.dylib
0x0000000003d88000 	/usr/lib/libxar.1.dylib
0x0000000003d88000 	/usr/lib/libpam.2.dylib
0x0000000003d88000 	/usr/lib/libOpenScriptingUtil.dylib
0x0000000003d88000 	/System/Library/Frameworks/CoreServices.framework/Versions/A/Frameworks/FSEvents.framework/Versions/A/FSEvents
0x0000000003d88000 	/System/Library/Frameworks/CoreServices.framework/Versions/A/Frameworks/CarbonCore.framework/Versions/A/CarbonCore
0x0000000003d88000 	/System/Library/Frameworks/CoreServices.framework/Versions/A/Frameworks/Metadata.framework/Versions/A/Metadata
0x0000000003d88000 	/System/Library/Frameworks/CoreServices.framework/Versions/A/Frameworks/OSServices.framework/Versions/A/OSServices
0x0000000003d88000 	/System/Library/Frameworks/CoreServices.framework/Versions/A/Frameworks/SearchKit.framework/Versions/A/SearchKit
0x0000000003d88000 	/System/Library/Frameworks/CoreServices.framework/Versions/A/Frameworks/AE.framework/Versions/A/AE
0x0000000003d88000 	/System/Library/Frameworks/CoreServices.framework/Versions/A/Frameworks/LaunchServices.framework/Versions/A/LaunchServices
0x0000000003d88000 	/System/Library/Frameworks/CoreServices.framework/Versions/A/Frameworks/DictionaryServices.framework/Versions/A/DictionaryServices
0x0000000003d88000 	/System/Library/Frameworks/NetFS.framework/Versions/A/NetFS
0x0000000003d88000 	/System/Library/PrivateFrameworks/NetAuth.framework/Versions/A/NetAuth
0x0000000003d88000 	/System/Library/PrivateFrameworks/login.framework/Versions/A/Frameworks/loginsupport.framework/Versions/A/loginsupport
0x0000000003d88000 	/System/Library/PrivateFrameworks/TCC.framework/Versions/A/TCC
0x0000000003d88000 	/usr/lib/libmecabra.dylib
0x0000000003d88000 	/System/Library/Frameworks/ApplicationServices.framework/Versions/A/Frameworks/ATS.framework/Versions/A/ATS
0x0000000003d88000 	/System/Library/Frameworks/ApplicationServices.framework/Versions/A/Frameworks/ColorSync.framework/Versions/A/ColorSync
0x0000000003d88000 	/System/Library/Frameworks/ApplicationServices.framework/Versions/A/Frameworks/HIServices.framework/Versions/A/HIServices
0x0000000003d88000 	/System/Library/Frameworks/ApplicationServices.framework/Versions/A/Frameworks/LangAnalysis.framework/Versions/A/LangAnalysis
0x0000000003d88000 	/System/Library/Frameworks/ApplicationServices.framework/Versions/A/Frameworks/PrintCore.framework/Versions/A/PrintCore
0x0000000003d88000 	/System/Library/Frameworks/ApplicationServices.framework/Versions/A/Frameworks/QD.framework/Versions/A/QD
0x0000000003d88000 	/System/Library/Frameworks/ApplicationServices.framework/Versions/A/Frameworks/SpeechSynthesis.framework/Versions/A/SpeechSynthesis
0x0000000003d88000 	/System/Library/Frameworks/Accelerate.framework/Versions/A/Accelerate
0x0000000003d88000 	/System/Library/Frameworks/Accelerate.framework/Versions/A/Frameworks/vImage.framework/Versions/A/vImage
0x0000000003d88000 	/System/Library/Frameworks/Accelerate.framework/Versions/A/Frameworks/vecLib.framework/Versions/A/vecLib
0x0000000003d88000 	/System/Library/Frameworks/Accelerate.framework/Versions/A/Frameworks/vecLib.framework/Versions/A/libvDSP.dylib
0x0000000003d88000 	/System/Library/Frameworks/Accelerate.framework/Versions/A/Frameworks/vecLib.framework/Versions/A/libvMisc.dylib
0x0000000003d88000 	/System/Library/Frameworks/Accelerate.framework/Versions/A/Frameworks/vecLib.framework/Versions/A/libLAPACK.dylib
0x0000000003d88000 	/System/Library/Frameworks/Accelerate.framework/Versions/A/Frameworks/vecLib.framework/Versions/A/libBLAS.dylib
0x0000000003d88000 	/System/Library/Frameworks/Accelerate.framework/Versions/A/Frameworks/vecLib.framework/Versions/A/libLinearAlgebra.dylib
0x0000000003d88000 	/System/Library/Frameworks/ApplicationServices.framework/Versions/A/Frameworks/ATS.framework/Versions/A/Resources/libFontParser.dylib
0x0000000003d88000 	/System/Library/Frameworks/ApplicationServices.framework/Versions/A/Frameworks/ATS.framework/Versions/A/Resources/libFontRegistry.dylib
0x0000000003d88000 	/System/Library/PrivateFrameworks/AppleVPA.framework/Versions/A/AppleVPA
0x0000000003d88000 	/System/Library/PrivateFrameworks/AppleJPEG.framework/Versions/A/AppleJPEG
0x0000000003d88000 	/System/Library/Frameworks/ImageIO.framework/Versions/A/Resources/libJPEG.dylib
0x0000000003d88000 	/System/Library/Frameworks/ImageIO.framework/Versions/A/Resources/libTIFF.dylib
0x0000000003d88000 	/System/Library/Frameworks/ImageIO.framework/Versions/A/Resources/libPng.dylib
0x0000000003d88000 	/System/Library/Frameworks/ImageIO.framework/Versions/A/Resources/libGIF.dylib
0x0000000003d88000 	/System/Library/Frameworks/ImageIO.framework/Versions/A/Resources/libJP2.dylib
0x0000000003d88000 	/System/Library/Frameworks/ImageIO.framework/Versions/A/Resources/libRadiance.dylib
0x0000000003d88000 	/System/Library/Frameworks/CoreVideo.framework/Versions/A/CoreVideo
0x0000000003d88000 	/System/Library/Frameworks/OpenGL.framework/Versions/A/Libraries/libGLU.dylib
0x0000000003d88000 	/System/Library/Frameworks/OpenGL.framework/Versions/A/Libraries/libGFXShared.dylib
0x0000000003d88000 	/System/Library/Frameworks/OpenGL.framework/Versions/A/Libraries/libGL.dylib
0x0000000003d88000 	/System/Library/Frameworks/OpenGL.framework/Versions/A/Libraries/libGLImage.dylib
0x0000000003d88000 	/System/Library/Frameworks/OpenGL.framework/Versions/A/Libraries/libCVMSPluginSupport.dylib
0x0000000003d88000 	/System/Library/Frameworks/OpenGL.framework/Versions/A/Libraries/libCoreVMClient.dylib
0x0000000003d88000 	/usr/lib/libcups.2.dylib
0x0000000003d88000 	/System/Library/Frameworks/Kerberos.framework/Versions/A/Kerberos
0x0000000003d88000 	/System/Library/Frameworks/GSS.framework/Versions/A/GSS
0x0000000003d88000 	/usr/lib/libresolv.9.dylib
0x0000000003d88000 	/usr/lib/libiconv.2.dylib
0x0000000003d88000 	/System/Library/PrivateFrameworks/Heimdal.framework/Versions/A/Heimdal
0x0000000003d88000 	/usr/lib/libheimdal-asn1.dylib
0x0000000003d88000 	/System/Library/Frameworks/OpenDirectory.framework/Versions/A/OpenDirectory
0x0000000003d88000 	/System/Library/PrivateFrameworks/CommonAuth.framework/Versions/A/CommonAuth
0x0000000003d88000 	/System/Library/Frameworks/OpenDirectory.framework/Versions/A/Frameworks/CFOpenDirectory.framework/Versions/A/CFOpenDirectory
0x0000000003d88000 	/System/Library/Frameworks/SecurityFoundation.framework/Versions/A/SecurityFoundation
0x0000000003d88000 	/System/Library/PrivateFrameworks/LanguageModeling.framework/Versions/A/LanguageModeling
0x0000000003d88000 	/usr/lib/libcmph.dylib
0x0000000003d88000 	/System/Library/Frameworks/ServiceManagement.framework/Versions/A/ServiceManagement
0x0000000003d88000 	/usr/lib/libxslt.1.dylib
0x0000000003d88000 	/System/Library/Frameworks/Carbon.framework/Versions/A/Frameworks/Ink.framework/Versions/A/Ink
0x0000000003d88000 	/System/Library/Frameworks/QuartzCore.framework/Versions/A/Frameworks/CoreImage.framework/Versions/A/CoreImage
0x0000000003d88000 	/System/Library/PrivateFrameworks/CrashReporterSupport.framework/Versions/A/CrashReporterSupport
0x0000000003d88000 	/System/Library/Frameworks/OpenCL.framework/Versions/A/OpenCL
0x0000000003d88000 	/System/Library/PrivateFrameworks/FaceCore.framework/Versions/A/FaceCore
0x0000000003d88000 	/System/Library/PrivateFrameworks/Ubiquity.framework/Versions/A/Ubiquity
0x0000000003d88000 	/System/Library/PrivateFrameworks/IconServices.framework/Versions/A/IconServices
0x0000000003d88000 	/System/Library/PrivateFrameworks/ChunkingLibrary.framework/Versions/A/ChunkingLibrary
0x0000000003d88000 	/System/Library/PrivateFrameworks/Apple80211.framework/Versions/A/Apple80211
0x0000000003d88000 	/System/Library/Frameworks/CoreWLAN.framework/Versions/A/CoreWLAN
0x0000000003d88000 	/System/Library/Frameworks/IOBluetooth.framework/Versions/A/IOBluetooth
0x0000000003d88000 	/System/Library/PrivateFrameworks/CoreWiFi.framework/Versions/A/CoreWiFi
0x0000000003d88000 	/System/Library/Frameworks/CoreBluetooth.framework/Versions/A/CoreBluetooth
0x0000000003d88000 	/System/Library/PrivateFrameworks/DebugSymbols.framework/Versions/A/DebugSymbols
0x0000000003d88000 	/System/Library/PrivateFrameworks/CoreSymbolication.framework/Versions/A/CoreSymbolication
0x0000000003d88000 	/System/Library/PrivateFrameworks/Symbolication.framework/Versions/A/Symbolication
0x0000000003d88000 	/System/Library/PrivateFrameworks/SpeechRecognitionCore.framework/Versions/A/SpeechRecognitionCore
0x0000000103000000 	/Library/Java/JavaVirtualMachines/jdk1.8.0_31.jdk/Contents/Home/jre/lib/server/libjvm.dylib
0x0000000003d88000 	/usr/lib/libstdc++.6.dylib
0x0000000101f93000 	/Library/Java/JavaVirtualMachines/jdk1.8.0_31.jdk/Contents/Home/jre/lib/libverify.dylib
0x0000000101fa1000 	/Library/Java/JavaVirtualMachines/jdk1.8.0_31.jdk/Contents/Home/jre/lib/libjava.dylib
0x0000000101fdf000 	/Library/Java/JavaVirtualMachines/jdk1.8.0_31.jdk/Contents/Home/jre/lib/libzip.dylib
0x0000000101fe9000 	/System/Library/Frameworks/JavaVM.framework/Frameworks/JavaRuntimeSupport.framework/JavaRuntimeSupport
0x000000011faf3000 	/System/Library/Frameworks/JavaVM.framework/Versions/A/Frameworks/JavaNativeFoundation.framework/Versions/A/JavaNativeFoundation
0x000000011fb07000 	/System/Library/Frameworks/JavaVM.framework/Versions/A/JavaVM
0x0000000003d88000 	/System/Library/Frameworks/Carbon.framework/Versions/A/Carbon
0x000000011fb13000 	/System/Library/PrivateFrameworks/JavaLaunching.framework/Versions/A/JavaLaunching
0x0000000003d88000 	/System/Library/Frameworks/Carbon.framework/Versions/A/Frameworks/CommonPanels.framework/Versions/A/CommonPanels
0x0000000003d88000 	/System/Library/Frameworks/Carbon.framework/Versions/A/Frameworks/Help.framework/Versions/A/Help
0x0000000003d88000 	/System/Library/Frameworks/Carbon.framework/Versions/A/Frameworks/ImageCapture.framework/Versions/A/ImageCapture
0x0000000003d88000 	/System/Library/Frameworks/Carbon.framework/Versions/A/Frameworks/OpenScripting.framework/Versions/A/OpenScripting
0x0000000003d88000 	/System/Library/Frameworks/Carbon.framework/Versions/A/Frameworks/Print.framework/Versions/A/Print
0x0000000003d88000 	/System/Library/Frameworks/Carbon.framework/Versions/A/Frameworks/SecurityHI.framework/Versions/A/SecurityHI
0x0000000121b94000 	/Library/Java/JavaVirtualMachines/jdk1.8.0_31.jdk/Contents/Home/jre/lib/libnet.dylib
0x0000000121bc4000 	/Library/Java/JavaVirtualMachines/jdk1.8.0_31.jdk/Contents/Home/jre/lib/libAppleScriptEngine.dylib
0x0000000122300000 	/Library/Java/JavaVirtualMachines/jdk1.8.0_31.jdk/Contents/Home/jre/lib/libawt.dylib
0x00000001249e0000 	/Library/Java/JavaVirtualMachines/jdk1.8.0_31.jdk/Contents/Home/jre/lib/./libmlib_image.dylib
0x0000000123ab2000 	/Library/Java/JavaVirtualMachines/jdk1.8.0_31.jdk/Contents/Home/jre/lib/libawt_lwawt.dylib
0x0000000121bd0000 	/Library/Java/JavaVirtualMachines/jdk1.8.0_31.jdk/Contents/Home/jre/lib/./libosxapp.dylib
0x0000000003d88000 	/System/Library/Frameworks/ExceptionHandling.framework/Versions/A/ExceptionHandling
0x0000000003d88000 	/System/Library/PrivateFrameworks/CoreServicesInternal.framework/Versions/A/CoreServicesInternal
0x0000000003d88000 	/System/Library/PrivateFrameworks/CloudDocs.framework/Versions/A/CloudDocs
0x0000000003d88000 	/System/Library/PrivateFrameworks/CoreDuet.framework/Versions/A/CoreDuet
0x0000000003d88000 	/System/Library/Frameworks/CloudKit.framework/Versions/A/CloudKit
0x0000000003d88000 	/System/Library/PrivateFrameworks/ProtocolBuffer.framework/Versions/A/ProtocolBuffer
0x0000000003d88000 	/System/Library/PrivateFrameworks/CoreDuetDaemonProtocol.framework/Versions/A/CoreDuetDaemonProtocol
0x0000000003d88000 	/System/Library/PrivateFrameworks/CoreDuetDebugLogging.framework/Versions/A/CoreDuetDebugLogging
0x0000000003d88000 	/System/Library/PrivateFrameworks/MMCS.framework/Versions/A/MMCS
0x0000000003d88000 	/System/Library/Frameworks/CoreLocation.framework/Versions/A/CoreLocation
0x0000000003d88000 	/System/Library/PrivateFrameworks/ProtectedCloudStorage.framework/Versions/A/ProtectedCloudStorage
0x0000000003d88000 	/System/Library/PrivateFrameworks/GeoServices.framework/Versions/A/GeoServices
0x0000000003d88000 	/System/Library/Frameworks/CoreGraphics.framework/Versions/A/Resources/libCGCMS.A.dylib
0x0000000003d88000 	/System/Library/Frameworks/CoreGraphics.framework/Versions/A/Resources/libRIP.A.dylib
0x0000000003d88000 	/System/Library/Frameworks/CoreGraphics.framework/Versions/A/Resources/libCGXType.A.dylib
0x0000000003d88000 	/System/Library/Frameworks/OpenCL.framework/Versions/A/Libraries/libcldcpuengine.dylib
0x0000000003d88000 	/System/Library/PrivateFrameworks/DiskImages.framework/Versions/A/DiskImages
0x0000000003d88000 	/System/Library/Frameworks/DiscRecording.framework/Versions/A/DiscRecording
0x0000000003d88000 	/usr/lib/libcsfde.dylib
0x0000000003d88000 	/usr/lib/libcurl.4.dylib
0x0000000003d88000 	/System/Library/PrivateFrameworks/MediaKit.framework/Versions/A/MediaKit
0x0000000003d88000 	/usr/lib/libCoreStorage.dylib
0x0000000003d88000 	/System/Library/PrivateFrameworks/EFILogin.framework/Versions/A/EFILogin
0x0000000003d88000 	/usr/lib/libutil.dylib
0x0000000003d88000 	/System/Library/PrivateFrameworks/FindMyDevice.framework/Versions/A/FindMyDevice
0x0000000003d88000 	/System/Library/Frameworks/LDAP.framework/Versions/A/LDAP
0x0000000003d88000 	/usr/lib/libsasl2.2.dylib
0x0000000003d88000 	/System/Library/PrivateFrameworks/CoreDaemon.framework/Versions/B/CoreDaemon
0x0000000003d88000 	/usr/lib/libcrypto.0.9.8.dylib
0x0000000003d88000 	/System/Library/PrivateFrameworks/AppleSRP.framework/Versions/A/AppleSRP
0x0000000003d88000 	/System/Library/PrivateFrameworks/TrustEvaluationAgent.framework/Versions/A/TrustEvaluationAgent
0x0000000121e11000 	cl_kernels
0x00000001248ac000 	/System/Library/Frameworks/OpenCL.framework/Versions/A/Libraries/ImageFormats/unorm8_bgra.dylib
0x0000000121e40000 	cl_kernels
0x0000000003d88000 	/System/Library/PrivateFrameworks/FamilyControls.framework/Versions/A/FamilyControls
0x0000000003d88000 	/System/Library/PrivateFrameworks/CommerceKit.framework/Versions/A/Frameworks/CommerceCore.framework/Versions/A/CommerceCore
0x0000000003d88000 	/System/Library/PrivateFrameworks/SystemAdministration.framework/Versions/A/SystemAdministration
0x0000000003d88000 	/System/Library/PrivateFrameworks/AppContainer.framework/Versions/A/AppContainer
0x0000000003d88000 	/System/Library/PrivateFrameworks/SecCodeWrapper.framework/Versions/A/SecCodeWrapper
0x0000000003d88000 	/System/Library/Frameworks/DirectoryService.framework/Versions/A/DirectoryService
0x0000000003d88000 	/System/Library/PrivateFrameworks/LoginUIKit.framework/Versions/A/Frameworks/LoginUICore.framework/Versions/A/LoginUICore
0x0000000003d88000 	/usr/lib/libodfde.dylib
0x0000000122b0a000 	/Library/Java/JavaVirtualMachines/jdk1.8.0_31.jdk/Contents/Home/jre/lib/libfontmanager.dylib
0x0000000121e2c000 	/System/Library/Components/AppleScript.component/Contents/MacOS/AppleScript
0x00000001250a1000 	/System/Library/PrivateFrameworks/AppleScript.framework/Versions/A/AppleScript
0x0000000003d88000 	/System/Library/Frameworks/AppleScriptObjC.framework/Versions/A/AppleScriptObjC
0x0000000003d88000 	/usr/lib/libffi.dylib
0x000000011fb3f000 	/Library/Java/JavaVirtualMachines/jdk1.8.0_31.jdk/Contents/Home/jre/lib/libnio.dylib
0x000000011fbe1000 	/System/Library/ScriptingAdditions/StandardAdditions.osax/Contents/MacOS/StandardAdditions

VM Arguments:
jvm_args: -Dclojure.compile.path=/Users/frankcastellucci/clasew/target/classes -Dclasew.version=0.2.1-SNAPSHOT -Dfile.encoding=UTF-8 -Dclojure.debug=false 
java_command: clojure.main -i /private/var/folders/rc/2qfpt9kx6zz5z_f4h5h_flf40000gn/T/form-init5639847463071181399.clj
java_class_path (initial): /Users/frankcastellucci/clasew/test:/Users/frankcastellucci/clasew/dev/src:/Users/frankcastellucci/clasew/src:/Users/frankcastellucci/clasew/dev-resources:/Users/frankcastellucci/clasew/dev/resources:/Users/frankcastellucci/clasew/resources:/Users/frankcastellucci/clasew/target/classes:/Users/frankcastellucci/.m2/repository/com/google/code/findbugs/jsr305/1.3.9/jsr305-1.3.9.jar:/Users/frankcastellucci/.m2/repository/args4j/args4j/2.0.16/args4j-2.0.16.jar:/Users/frankcastellucci/.m2/repository/clj-stacktrace/clj-stacktrace/0.2.7/clj-stacktrace-0.2.7.jar:/Users/frankcastellucci/.m2/repository/org/clojure/data.json/0.2.3/data.json-0.2.3.jar:/Users/frankcastellucci/.m2/repository/org/clojure/tools.reader/0.8.3/tools.reader-0.8.3.jar:/Users/frankcastellucci/.m2/repository/com/google/protobuf/protobuf-java/2.4.1/protobuf-java-2.4.1.jar:/Users/frankcastellucci/.m2/repository/org/clojure/tools.nrepl/0.2.3/tools.nrepl-0.2.3.jar:/Users/frankcastellucci/.m2/repository/commons-io/commons-io/2.4/commons-io-2.4.jar:/Users/frankcastellucci/.m2/repository/org/clojure/google-closure-library/0.0-20140226-71326067/google-closure-library-0.0-20140226-71326067.jar:/Users/frankcastellucci/.m2/repository/org/clojure/google-closure-library-third-party/0.0-20140226-71326067/google-closure-library-third-party-0.0-20140226-71326067.jar:/Users/frankcastellucci/.m2/repository/org/clojure/clojure/1.6.0/clojure-1.6.0.jar:/Users/frankcastellucci/.m2/repository/org/mozilla/rhino/1.7R4/rhino-1.7R4.jar:/Users/frankcastellucci/.m2/repository/clojure-complete/clojure-complete/0.2.3/clojure-complete-0.2.3.jar:/Users/frankcastellucci/.m2/repository/lein-light-nrepl/lein-light-nrepl/0.1.3/lein-light-nrepl-0.1.3.jar:/Users/frankcastellucci/.m2/repository/org/json/json/20090211/json-20090211.jar:/Users/frankcastellucci/.m2/repository/com/google/javascript/closure-compiler/v20131014/closure-compiler-v20131014.jar:/Users/frankcastellucci/.m2/repository/com/google/guava/guava/15.0/
Launcher Type: SUN_STANDARD

Environment Variables:
PATH=/usr/local/bin:/usr/bin:/bin:/usr/sbin:/sbin:/usr/bin:/bin:/usr/sbin:/sbin

SHELL=/bin/bash

Signal Handlers:
SIGSEGV: [libjvm.dylib+0x57a0e7], sa_mask[0]=11111111011111110111111111111111, sa_flags=SA_ONSTACK|SA_RESTART|SA_SIGINFO
SIGBUS: [libjvm.dylib+0x57a0e7], sa_mask[0]=11111111011111110111111111111111, sa_flags=SA_RESTART|SA_SIGINFO
SIGFPE: [libjvm.dylib+0x45af24], sa_mask[0]=11111111011111110111111111111111, sa_flags=SA_RESTART|SA_SIGINFO
SIGPIPE: [libjvm.dylib+0x45af24], sa_mask[0]=11111111011111110111111111111111, sa_flags=SA_RESTART|SA_SIGINFO
SIGXFSZ: [libjvm.dylib+0x45af24], sa_mask[0]=11111111011111110111111111111111, sa_flags=SA_RESTART|SA_SIGINFO
SIGILL: [libjvm.dylib+0x45af24], sa_mask[0]=11111111011111110111111111111111, sa_flags=SA_RESTART|SA_SIGINFO
SIGUSR1: SIG_DFL, sa_mask[0]=00000000000000000000000000000000, sa_flags=none
SIGUSR2: [libjvm.dylib+0x45aa42], sa_mask[0]=00100000000000000000000000000000, sa_flags=SA_RESTART|SA_SIGINFO
SIGHUP: [libjvm.dylib+0x459015], sa_mask[0]=11111111011111110111111111111111, sa_flags=SA_RESTART|SA_SIGINFO
SIGINT: [libjvm.dylib+0x459015], sa_mask[0]=11111111011111110111111111111111, sa_flags=SA_RESTART|SA_SIGINFO
SIGTERM: [libjvm.dylib+0x459015], sa_mask[0]=11111111011111110111111111111111, sa_flags=SA_RESTART|SA_SIGINFO
SIGQUIT: [libjvm.dylib+0x459015], sa_mask[0]=11111111011111110111111111111111, sa_flags=SA_RESTART|SA_SIGINFO


---------------  S Y S T E M  ---------------

OS:Bsduname:Darwin 14.5.0 Darwin Kernel Version 14.5.0: Wed Jul 29 02:26:53 PDT 2015; root:xnu-2782.40.9~1/RELEASE_X86_64 x86_64
rlimit: STACK 8192k, CORE 0k, NPROC 709, NOFILE 10240, AS infinity
load average:1.60 1.59 1.69

CPU:total 8 (4 cores per cpu, 2 threads per core) family 6 model 70 stepping 1, cmov, cx8, fxsr, mmx, sse, sse2, sse3, ssse3, sse4.1, sse4.2, popcnt, avx, avx2, aes, clmul, erms, rtm, lzcnt, ht, tsc, tscinvbit, bmi1, bmi2

Memory: 4k page, physical 16777216k(692040k free)

/proc/meminfo:


vm_info: Java HotSpot(TM) 64-Bit Server VM (25.31-b07) for bsd-amd64 JRE (1.8.0_31-b13), built on Dec 17 2014 20:45:36 by "java_re" with gcc 4.2.1 (Based on Apple Inc. build 5658) (LLVM build 2336.11.00)

time: Thu Oct  8 08:35:03 2015
elapsed time: 4527 seconds (0d 1h 15m 27s)

